0 info it worked if it ends with ok
1 verbose cli [ '/usr/bin/nodejs',
1 verbose cli   '/usr/bin/npm',
1 verbose cli   'install',
1 verbose cli   '--save',
1 verbose cli   'handlebars' ]
2 info using npm@1.3.10
3 info using node@v0.10.25
4 verbose cache add [ 'handlebars', null ]
5 verbose cache add name=undefined spec="handlebars" args=["handlebars",null]
6 verbose parsed url { protocol: null,
6 verbose parsed url   slashes: null,
6 verbose parsed url   auth: null,
6 verbose parsed url   host: null,
6 verbose parsed url   port: null,
6 verbose parsed url   hostname: null,
6 verbose parsed url   hash: null,
6 verbose parsed url   search: null,
6 verbose parsed url   query: null,
6 verbose parsed url   pathname: 'handlebars',
6 verbose parsed url   path: 'handlebars',
6 verbose parsed url   href: 'handlebars' }
7 silly lockFile 9566e355-handlebars handlebars
8 verbose lock handlebars /home/coder/.npm/9566e355-handlebars.lock
9 silly lockFile 9566e355-handlebars handlebars
10 silly lockFile 9566e355-handlebars handlebars
11 verbose addNamed [ 'handlebars', '' ]
12 verbose addNamed [ null, '*' ]
13 silly lockFile 0ab5732f-handlebars handlebars@
14 verbose lock handlebars@ /home/coder/.npm/0ab5732f-handlebars.lock
15 silly addNameRange { name: 'handlebars', range: '*', hasData: false }
16 verbose url raw handlebars
17 verbose url resolving [ 'https://registry.npmjs.org/', './handlebars' ]
18 verbose url resolved https://registry.npmjs.org/handlebars
19 info trying registry request attempt 1 at 09:40:43
20 verbose etag "B389P41Y1D0P6M30MI6N90MBM"
21 http GET https://registry.npmjs.org/handlebars
22 http 200 https://registry.npmjs.org/handlebars
23 silly registry.get cb [ 200,
23 silly registry.get   { server: 'CouchDB/1.5.0 (Erlang OTP/R16B03)',
23 silly registry.get     etag: '"ESDGKJNTKBB6MMYNHV006IQNU"',
23 silly registry.get     'content-type': 'application/json',
23 silly registry.get     'cache-control': 'max-age=300',
23 silly registry.get     'content-length': '61694',
23 silly registry.get     'accept-ranges': 'bytes',
23 silly registry.get     date: 'Tue, 29 Mar 2016 07:40:41 GMT',
23 silly registry.get     via: '1.1 varnish',
23 silly registry.get     age: '297',
23 silly registry.get     connection: 'keep-alive',
23 silly registry.get     'x-served-by': 'cache-fra1243-FRA',
23 silly registry.get     'x-cache': 'HIT',
23 silly registry.get     'x-cache-hits': '9',
23 silly registry.get     'x-timer': 'S1459237241.519330,VS0,VE0',
23 silly registry.get     vary: 'Accept' } ]
24 silly addNameRange number 2 { name: 'handlebars', range: '*', hasData: true }
25 silly addNameRange versions [ 'handlebars',
25 silly addNameRange   [ '1.0.6',
25 silly addNameRange     '1.0.6-2',
25 silly addNameRange     '1.0.7',
25 silly addNameRange     '1.0.8',
25 silly addNameRange     '1.0.9',
25 silly addNameRange     '1.0.10',
25 silly addNameRange     '1.0.11',
25 silly addNameRange     '1.0.12',
25 silly addNameRange     '1.1.0',
25 silly addNameRange     '1.1.1',
25 silly addNameRange     '1.1.2',
25 silly addNameRange     '1.2.0',
25 silly addNameRange     '1.2.1',
25 silly addNameRange     '1.3.0',
25 silly addNameRange     '2.0.0-alpha.1',
25 silly addNameRange     '2.0.0-alpha.2',
25 silly addNameRange     '2.0.0-alpha.3',
25 silly addNameRange     '2.0.0-alpha.4',
25 silly addNameRange     '2.0.0-beta.1',
25 silly addNameRange     '2.0.0',
25 silly addNameRange     '3.0.0',
25 silly addNameRange     '3.0.1',
25 silly addNameRange     '3.0.2',
25 silly addNameRange     '3.0.3',
25 silly addNameRange     '4.0.0',
25 silly addNameRange     '4.0.1',
25 silly addNameRange     '4.0.2',
25 silly addNameRange     '4.0.3',
25 silly addNameRange     '4.0.4',
25 silly addNameRange     '4.0.5',
25 silly addNameRange     '1.0.2-beta',
25 silly addNameRange     '1.0.4-beta',
25 silly addNameRange     '1.0.5-beta' ] ]
26 verbose addNamed [ 'handlebars', '4.0.5' ]
27 verbose addNamed [ '4.0.5', '4.0.5' ]
28 silly lockFile 5f2df389-handlebars-4-0-5 handlebars@4.0.5
29 verbose lock handlebars@4.0.5 /home/coder/.npm/5f2df389-handlebars-4-0-5.lock
30 silly lockFile 008395e2--handlebars-handlebars-4-0-5-tgz https://registry.npmjs.org/handlebars/-/handlebars-4.0.5.tgz
31 verbose lock https://registry.npmjs.org/handlebars/-/handlebars-4.0.5.tgz /home/coder/.npm/008395e2--handlebars-handlebars-4-0-5-tgz.lock
32 verbose addRemoteTarball [ 'https://registry.npmjs.org/handlebars/-/handlebars-4.0.5.tgz',
32 verbose addRemoteTarball   '92c6ed6bb164110c50d4d8d0fbddc70806c6f8e7' ]
33 silly lockFile 008395e2--handlebars-handlebars-4-0-5-tgz https://registry.npmjs.org/handlebars/-/handlebars-4.0.5.tgz
34 silly lockFile 008395e2--handlebars-handlebars-4-0-5-tgz https://registry.npmjs.org/handlebars/-/handlebars-4.0.5.tgz
35 silly lockFile 5f2df389-handlebars-4-0-5 handlebars@4.0.5
36 silly lockFile 5f2df389-handlebars-4-0-5 handlebars@4.0.5
37 silly lockFile 0ab5732f-handlebars handlebars@
38 silly lockFile 0ab5732f-handlebars handlebars@
39 error Error: EACCES, mkdir '/home/coder/tmp/npm-3779-YF1rEZin'
39 error  { [Error: EACCES, mkdir '/home/coder/tmp/npm-3779-YF1rEZin']
39 error   errno: 3,
39 error   code: 'EACCES',
39 error   path: '/home/coder/tmp/npm-3779-YF1rEZin' }
40 error Please try running this command again as root/Administrator.
41 error System Linux 3.16.0-30-generic
42 error command "/usr/bin/nodejs" "/usr/bin/npm" "install" "--save" "handlebars"
43 error cwd /home/coder/NelisaNarrative
44 error node -v v0.10.25
45 error npm -v 1.3.10
46 error path /home/coder/tmp/npm-3779-YF1rEZin
47 error code EACCES
48 error errno 3
49 error stack Error: EACCES, mkdir '/home/coder/tmp/npm-3779-YF1rEZin'
50 verbose exit [ 3, true ]
